<?xml version="1.0" encoding="UTF-8"?>
<testsuite xmlns:xsi="http://www.w3.org/2001/XMLSchema-instance" xsi:noNamespaceSchemaLocation="https://maven.apache.org/surefire/maven-surefire-plugin/xsd/surefire-test-report.xsd" name="hu.uni.miskolc.teszteles2021.AppTest" time="0.056" tests="1" errors="0" skipped="0" failures="0">
  <properties>
    <property name="java.specification.version" value="16"/>
    <property name="sun.cpu.isalist" value="amd64"/>
    <property name="sun.jnu.encoding" value="Cp1252"/>
    <property name="java.class.path" value="C:\Users\Marci\Documents\Egyetem (BSC)\5. félév\Szoftver tesztelés\repo\RSN3WF_Szofteszt\Gyak02\core2\target\test-classes;C:\Users\Marci\Documents\Egyetem (BSC)\5. félév\Szoftver tesztelés\repo\RSN3WF_Szofteszt\Gyak02\core2\target\classes;C:\Users\Marci\.m2\repository\junit\junit\4.11\junit-4.11.jar;C:\Users\Marci\.m2\repository\org\hamcrest\hamcrest-core\1.3\hamcrest-core-1.3.jar;"/>
    <property name="java.vm.vendor" value="Oracle Corporation"/>
    <property name="sun.arch.data.model" value="64"/>
    <property name="user.variant" value=""/>
    <property name="java.vendor.url" value="https://java.oracle.com/"/>
    <property name="user.timezone" value="Europe/Budapest"/>
    <property name="os.name" value="Windows 10"/>
    <property name="java.vm.specification.version" value="16"/>
    <property name="sun.java.launcher" value="SUN_STANDARD"/>
    <property name="user.country" value="HU"/>
    <property name="sun.boot.library.path" value="C:\Program Files\Java\jdk-16.0.1\bin"/>
    <property name="sun.java.command" value="C:\Users\Marci\AppData\Local\Temp\surefire13945742975643473449\surefirebooter11911415523938458452.jar C:\Users\Marci\AppData\Local\Temp\surefire13945742975643473449 2021-10-06T09-23-37_456-jvmRun1 surefire9458677950404788965tmp surefire_011107727304168760414tmp"/>
    <property name="jdk.debug" value="release"/>
    <property name="surefire.test.class.path" value="C:\Users\Marci\Documents\Egyetem (BSC)\5. félév\Szoftver tesztelés\repo\RSN3WF_Szofteszt\Gyak02\core2\target\test-classes;C:\Users\Marci\Documents\Egyetem (BSC)\5. félév\Szoftver tesztelés\repo\RSN3WF_Szofteszt\Gyak02\core2\target\classes;C:\Users\Marci\.m2\repository\junit\junit\4.11\junit-4.11.jar;C:\Users\Marci\.m2\repository\org\hamcrest\hamcrest-core\1.3\hamcrest-core-1.3.jar;"/>
    <property name="sun.cpu.endian" value="little"/>
    <property name="user.home" value="C:\Users\Marci"/>
    <property name="user.language" value="hu"/>
    <property name="java.specification.vendor" value="Oracle Corporation"/>
    <property name="java.version.date" value="2021-04-20"/>
    <property name="java.home" value="C:\Program Files\Java\jdk-16.0.1"/>
    <property name="file.separator" value="\"/>
    <property name="basedir" value="C:\Users\Marci\Documents\Egyetem (BSC)\5. félév\Szoftver tesztelés\repo\RSN3WF_Szofteszt\Gyak02\core2"/>
    <property name="java.vm.compressedOopsMode" value="32-bit"/>
    <property name="line.separator" value="&#10;"/>
    <property name="java.vm.specification.vendor" value="Oracle Corporation"/>
    <property name="java.specification.name" value="Java Platform API Specification"/>
    <property name="surefire.real.class.path" value="C:\Users\Marci\AppData\Local\Temp\surefire13945742975643473449\surefirebooter11911415523938458452.jar"/>
    <property name="user.script" value=""/>
    <property name="sun.management.compiler" value="HotSpot 64-Bit Tiered Compilers"/>
    <property name="java.runtime.version" value="16.0.1+9-24"/>
    <property name="user.name" value="Marci"/>
    <property name="path.separator" value=";"/>
    <property name="os.version" value="10.0"/>
    <property name="java.runtime.name" value="Java(TM) SE Runtime Environment"/>
    <property name="file.encoding" value="Cp1250"/>
    <property name="java.vm.name" value="Java HotSpot(TM) 64-Bit Server VM"/>
    <property name="localRepository" value="C:\Users\Marci\.m2\repository"/>
    <property name="java.vendor.url.bug" value="https://bugreport.java.com/bugreport/"/>
    <property name="java.io.tmpdir" value="C:\Users\Marci\AppData\Local\Temp\"/>
    <property name="idea.version" value="2021.2.1"/>
    <property name="java.version" value="16.0.1"/>
    <property name="user.dir" value="C:\Users\Marci\Documents\Egyetem (BSC)\5. félév\Szoftver tesztelés\repo\RSN3WF_Szofteszt\Gyak02\core2"/>
    <property name="os.arch" value="amd64"/>
    <property name="java.vm.specification.name" value="Java Virtual Machine Specification"/>
    <property name="sun.os.patch.level" value=""/>
    <property name="java.library.path" value="C:\Program Files\Java\jdk-16.0.1\bin;C:\Windows\Sun\Java\bin;C:\Windows\system32;C:\Windows;C:\Program Files (x86)\Common Files\Intel\Shared Libraries\redist\intel64_win\compiler;C:\Program Files\Common Files\Oracle\Java\javapath;C:\Program Files (x86)\Common Files\Oracle\Java\javapath;C:\Windows\system32;C:\Windows;C:\Windows\System32\Wbem;C:\Windows\System32\WindowsPowerShell\v1.0\;C:\Windows\System32\OpenSSH\;C:\Program Files (x86)\NVIDIA Corporation\PhysX\Common;C:\Program Files\NVIDIA Corporation\NVIDIA NvDLISR;C:\Program Files\dotnet\;C:\Program Files\nodejs\;C:\Program Files\Git\cmd;C:\MinGW\bin;C:\Program Files (x86)\GtkSharp\2.12\bin;C:\Program Files\Java\jdk-16.0.2\bin;C:\Program Files\apache-maven-3.8.2\bin;C:\MinGW\msys\1.0;C:\Users\Marci\AppData\Local\Microsoft\WindowsApps;C:\Users\Marci\AppData\Local\Programs\Microsoft VS Code\bin;C:\Users\Marci\AppData\Local\GitHubDesktop\bin;C:\Users\Marci\.dotnet\tools;C:\Users\Marci\AppData\Roaming\npm;;."/>
    <property name="java.vm.info" value="mixed mode, sharing"/>
    <property name="java.vendor" value="Oracle Corporation"/>
    <property name="java.vm.version" value="16.0.1+9-24"/>
    <property name="sun.io.unicode.encoding" value="UnicodeLittle"/>
    <property name="java.class.version" value="60.0"/>
  </properties>
  <testcase name="shouldAnswerWithTrue" classname="hu.uni.miskolc.teszteles2021.AppTest" time="0.004"/>
</testsuite>